Train FCN on MNIST dataset
I1219 22:47:15.267814 13491 caffe.cpp:218] Using GPUs 1
I1219 22:47:16.686879 13491 caffe.cpp:223] GPU 1: Tesla K20X
I1219 22:47:17.211256 13491 solver.cpp:44] Initializing solver from parameters: 
test_iter: 100
test_interval: 500
base_lr: 0.01
display: 500
max_iter: 2000
lr_policy: "fixed"
momentum: 0.9
weight_decay: 0.0005
snapshot: 500
snapshot_prefix: "gender_ccn_relearn/gender_ccn"
solver_mode: GPU
device_id: 1
net: "gender_ccn_relearn.prototxt"
train_state {
  level: 0
  stage: ""
}
type: "SGD"
I1219 22:47:17.214604 13491 solver.cpp:87] Creating training net from net file: gender_ccn_relearn.prototxt
I1219 22:47:17.217751 13491 net.cpp:294] The NetState phase (0) differed from the phase (1) specified by a rule in layer gender
I1219 22:47:17.217792 13491 net.cpp:294] The NetState phase (0) differed from the phase (1) specified by a rule in layer accuracy
I1219 22:47:17.217941 13491 net.cpp:51] Initializing net from parameters: 
name: "nNetCCN"
state {
  phase: TRAIN
  level: 0
  stage: ""
}
layer {
  name: "gender"
  type: "ImageData"
  top: "data"
  top: "label"
  include {
    phase: TRAIN
  }
  transform_param {
    scale: 0.00390625
  }
  image_data_param {
    source: "../../train.lst"
    batch_size: 1
    new_height: 150
    new_width: 150
    is_color: true
    root_folder: "../../data/"
  }
}
layer {
  name: "conv1"
  type: "Convolution"
  bottom: "data"
  top: "conv1"
  param {
    lr_mult: 1
    decay_mult: 1
  }
  param {
    lr_mult: 2
    decay_mult: 0
  }
  convolution_param {
    num_output: 40
    kernel_size: 3
    stride: 1
  }
}
layer {
  name: "relu1"
  type: "ReLU"
  bottom: "conv1"
  top: "conv1"
}
layer {
  name: "conv2"
  type: "Convolution"
  bottom: "conv1"
  top: "conv2"
  param {
    lr_mult: 1
    decay_mult: 1
  }
  param {
    lr_mult: 2
    decay_mult: 0
  }
  convolution_param {
    num_output: 64
    kernel_size: 3
    stride: 1
  }
}
layer {
  name: "relu2"
  type: "ReLU"
  bottom: "conv2"
  top: "conv2"
}
layer {
  name: "fc1"
  type: "InnerProduct"
  bottom: "conv2"
  top: "fc1"
  param {
    lr_mult: 1
    decay_mult: 1
  }
  param {
    lr_mult: 2
    decay_mult: 0
  }
  inner_product_param {
    num_output: 256
    weight_filler {
      type: "gaussian"
      std: 0.01
    }
    bias_filler {
      type: "constant"
      value: 0
    }
  }
}
layer {
  name: "relu3_g"
  type: "ReLU"
  bottom: "fc1"
  top: "fc1"
}
layer {
  name: "fc2_g"
  type: "InnerProduct"
  bottom: "fc1"
  top: "fc2_g"
  param {
    lr_mult: 1
    decay_mult: 1
  }
  param {
    lr_mult: 2
    decay_mult: 0
  }
  inner_product_param {
    num_output: 2
    weight_filler {
      type: "xavier"
    }
    bias_filler {
      type: "constant"
      value: 0
    }
  }
}
layer {
  name: "loss"
  type: "SoftmaxWithLoss"
  bottom: "fc2_g"
  bottom: "label"
  top: "loss"
}
I1219 22:47:17.218106 13491 layer_factory.hpp:77] Creating layer gender
I1219 22:47:17.218233 13491 net.cpp:84] Creating Layer gender
I1219 22:47:17.218287 13491 net.cpp:380] gender -> data
I1219 22:47:17.218372 13491 net.cpp:380] gender -> label
I1219 22:47:17.218471 13491 image_data_layer.cpp:38] Opening file ../../train.lst
I1219 22:47:17.240833 13491 image_data_layer.cpp:63] A total of 47000 images.
I1219 22:47:18.563072 13491 image_data_layer.cpp:90] output data size: 1,3,150,150
I1219 22:47:18.566468 13491 net.cpp:122] Setting up gender
I1219 22:47:18.566532 13491 net.cpp:129] Top shape: 1 3 150 150 (67500)
I1219 22:47:18.566589 13491 net.cpp:129] Top shape: 1 (1)
I1219 22:47:18.566612 13491 net.cpp:137] Memory required for data: 270004
I1219 22:47:18.566639 13491 layer_factory.hpp:77] Creating layer conv1
I1219 22:47:18.566721 13491 net.cpp:84] Creating Layer conv1
I1219 22:47:18.566747 13491 net.cpp:406] conv1 <- data
I1219 22:47:18.566781 13491 net.cpp:380] conv1 -> conv1
I1219 22:47:18.569017 13491 net.cpp:122] Setting up conv1
I1219 22:47:18.569057 13491 net.cpp:129] Top shape: 1 40 148 148 (876160)
I1219 22:47:18.569080 13491 net.cpp:137] Memory required for data: 3774644
I1219 22:47:18.569124 13491 layer_factory.hpp:77] Creating layer relu1
I1219 22:47:18.569195 13491 net.cpp:84] Creating Layer relu1
I1219 22:47:18.569226 13491 net.cpp:406] relu1 <- conv1
I1219 22:47:18.569249 13491 net.cpp:367] relu1 -> conv1 (in-place)
I1219 22:47:18.569284 13491 net.cpp:122] Setting up relu1
I1219 22:47:18.569308 13491 net.cpp:129] Top shape: 1 40 148 148 (876160)
I1219 22:47:18.569327 13491 net.cpp:137] Memory required for data: 7279284
I1219 22:47:18.569346 13491 layer_factory.hpp:77] Creating layer conv2
I1219 22:47:18.569368 13491 net.cpp:84] Creating Layer conv2
I1219 22:47:18.569388 13491 net.cpp:406] conv2 <- conv1
I1219 22:47:18.569411 13491 net.cpp:380] conv2 -> conv2
I1219 22:47:18.569617 13491 net.cpp:122] Setting up conv2
I1219 22:47:18.569649 13491 net.cpp:129] Top shape: 1 64 146 146 (1364224)
I1219 22:47:18.569670 13491 net.cpp:137] Memory required for data: 12736180
I1219 22:47:18.569694 13491 layer_factory.hpp:77] Creating layer relu2
I1219 22:47:18.569718 13491 net.cpp:84] Creating Layer relu2
I1219 22:47:18.569738 13491 net.cpp:406] relu2 <- conv2
I1219 22:47:18.569759 13491 net.cpp:367] relu2 -> conv2 (in-place)
I1219 22:47:18.569782 13491 net.cpp:122] Setting up relu2
I1219 22:47:18.569804 13491 net.cpp:129] Top shape: 1 64 146 146 (1364224)
I1219 22:47:18.569823 13491 net.cpp:137] Memory required for data: 18193076
I1219 22:47:18.569844 13491 layer_factory.hpp:77] Creating layer fc1
I1219 22:47:18.569881 13491 net.cpp:84] Creating Layer fc1
I1219 22:47:18.569902 13491 net.cpp:406] fc1 <- conv2
I1219 22:47:18.569947 13491 net.cpp:380] fc1 -> fc1
I1219 22:47:23.813019 13491 net.cpp:122] Setting up fc1
I1219 22:47:23.813186 13491 net.cpp:129] Top shape: 1 256 (256)
I1219 22:47:23.813215 13491 net.cpp:137] Memory required for data: 18194100
I1219 22:47:23.813256 13491 layer_factory.hpp:77] Creating layer relu3_g
I1219 22:47:23.813290 13491 net.cpp:84] Creating Layer relu3_g
I1219 22:47:23.813314 13491 net.cpp:406] relu3_g <- fc1
I1219 22:47:23.813340 13491 net.cpp:367] relu3_g -> fc1 (in-place)
I1219 22:47:23.813369 13491 net.cpp:122] Setting up relu3_g
I1219 22:47:23.813391 13491 net.cpp:129] Top shape: 1 256 (256)
I1219 22:47:23.813410 13491 net.cpp:137] Memory required for data: 18195124
I1219 22:47:23.813429 13491 layer_factory.hpp:77] Creating layer fc2_g
I1219 22:47:23.813457 13491 net.cpp:84] Creating Layer fc2_g
I1219 22:47:23.813477 13491 net.cpp:406] fc2_g <- fc1
I1219 22:47:23.813499 13491 net.cpp:380] fc2_g -> fc2_g
I1219 22:47:23.814460 13491 net.cpp:122] Setting up fc2_g
I1219 22:47:23.814494 13491 net.cpp:129] Top shape: 1 2 (2)
I1219 22:47:23.814515 13491 net.cpp:137] Memory required for data: 18195132
I1219 22:47:23.814538 13491 layer_factory.hpp:77] Creating layer loss
I1219 22:47:23.814589 13491 net.cpp:84] Creating Layer loss
I1219 22:47:23.814610 13491 net.cpp:406] loss <- fc2_g
I1219 22:47:23.814632 13491 net.cpp:406] loss <- label
I1219 22:47:23.814656 13491 net.cpp:380] loss -> loss
I1219 22:47:23.814730 13491 layer_factory.hpp:77] Creating layer loss
I1219 22:47:23.814851 13491 net.cpp:122] Setting up loss
I1219 22:47:23.814880 13491 net.cpp:129] Top shape: (1)
I1219 22:47:23.814900 13491 net.cpp:132]     with loss weight 1
I1219 22:47:23.814956 13491 net.cpp:137] Memory required for data: 18195136
I1219 22:47:23.814977 13491 net.cpp:198] loss needs backward computation.
I1219 22:47:23.814997 13491 net.cpp:198] fc2_g needs backward computation.
I1219 22:47:23.815023 13491 net.cpp:198] relu3_g needs backward computation.
I1219 22:47:23.815043 13491 net.cpp:198] fc1 needs backward computation.
I1219 22:47:23.815063 13491 net.cpp:198] relu2 needs backward computation.
I1219 22:47:23.815083 13491 net.cpp:198] conv2 needs backward computation.
I1219 22:47:23.815101 13491 net.cpp:198] relu1 needs backward computation.
I1219 22:47:23.815120 13491 net.cpp:198] conv1 needs backward computation.
I1219 22:47:23.815140 13491 net.cpp:200] gender does not need backward computation.
I1219 22:47:23.815158 13491 net.cpp:242] This network produces output loss
I1219 22:47:23.815182 13491 net.cpp:255] Network initialization done.
I1219 22:47:23.817487 13491 solver.cpp:172] Creating test net (#0) specified by net file: gender_ccn_relearn.prototxt
I1219 22:47:23.817553 13491 net.cpp:294] The NetState phase (1) differed from the phase (0) specified by a rule in layer gender
I1219 22:47:23.817694 13491 net.cpp:51] Initializing net from parameters: 
name: "nNetCCN"
state {
  phase: TEST
}
layer {
  name: "gender"
  type: "ImageData"
  top: "data"
  top: "label"
  include {
    phase: TEST
  }
  transform_param {
    scale: 0.00390625
  }
  image_data_param {
    source: "../../test.lst"
    batch_size: 120
    new_height: 150
    new_width: 150
    is_color: true
    root_folder: "../../data/"
  }
}
layer {
  name: "conv1"
  type: "Convolution"
  bottom: "data"
  top: "conv1"
  param {
    lr_mult: 1
    decay_mult: 1
  }
  param {
    lr_mult: 2
    decay_mult: 0
  }
  convolution_param {
    num_output: 40
    kernel_size: 3
    stride: 1
  }
}
layer {
  name: "relu1"
  type: "ReLU"
  bottom: "conv1"
  top: "conv1"
}
layer {
  name: "conv2"
  type: "Convolution"
  bottom: "conv1"
  top: "conv2"
  param {
    lr_mult: 1
    decay_mult: 1
  }
  param {
    lr_mult: 2
    decay_mult: 0
  }
  convolution_param {
    num_output: 64
    kernel_size: 3
    stride: 1
  }
}
layer {
  name: "relu2"
  type: "ReLU"
  bottom: "conv2"
  top: "conv2"
}
layer {
  name: "fc1"
  type: "InnerProduct"
  bottom: "conv2"
  top: "fc1"
  param {
    lr_mult: 1
    decay_mult: 1
  }
  param {
    lr_mult: 2
    decay_mult: 0
  }
  inner_product_param {
    num_output: 256
    weight_filler {
      type: "gaussian"
      std: 0.01
    }
    bias_filler {
      type: "constant"
      value: 0
    }
  }
}
layer {
  name: "relu3_g"
  type: "ReLU"
  bottom: "fc1"
  top: "fc1"
}
layer {
  name: "fc2_g"
  type: "InnerProduct"
  bottom: "fc1"
  top: "fc2_g"
  param {
    lr_mult: 1
    decay_mult: 1
  }
  param {
    lr_mult: 2
    decay_mult: 0
  }
  inner_product_param {
    num_output: 2
    weight_filler {
      type: "xavier"
    }
    bias_filler {
      type: "constant"
      value: 0
    }
  }
}
layer {
  name: "loss"
  type: "SoftmaxWithLoss"
  bottom: "fc2_g"
  bottom: "label"
  top: "loss"
}
layer {
  name: "accuracy"
  type: "Accuracy"
  bottom: "fc2_g"
  bottom: "label"
  top: "accuracy"
  include {
    phase: TEST
  }
}
I1219 22:47:23.817802 13491 layer_factory.hpp:77] Creating layer gender
I1219 22:47:23.817840 13491 net.cpp:84] Creating Layer gender
I1219 22:47:23.817864 13491 net.cpp:380] gender -> data
I1219 22:47:23.817890 13491 net.cpp:380] gender -> label
I1219 22:47:23.817917 13491 image_data_layer.cpp:38] Opening file ../../test.lst
I1219 22:47:23.822510 13491 image_data_layer.cpp:63] A total of 12000 images.
I1219 22:47:23.825350 13491 image_data_layer.cpp:90] output data size: 120,3,150,150
I1219 22:47:23.917805 13491 net.cpp:122] Setting up gender
I1219 22:47:23.917955 13491 net.cpp:129] Top shape: 120 3 150 150 (8100000)
I1219 22:47:23.917984 13491 net.cpp:129] Top shape: 120 (120)
I1219 22:47:23.918010 13491 net.cpp:137] Memory required for data: 32400480
I1219 22:47:23.918035 13491 layer_factory.hpp:77] Creating layer label_gender_1_split
I1219 22:47:23.918089 13491 net.cpp:84] Creating Layer label_gender_1_split
I1219 22:47:23.918114 13491 net.cpp:406] label_gender_1_split <- label
I1219 22:47:23.918140 13491 net.cpp:380] label_gender_1_split -> label_gender_1_split_0
I1219 22:47:23.918171 13491 net.cpp:380] label_gender_1_split -> label_gender_1_split_1
I1219 22:47:23.918259 13491 net.cpp:122] Setting up label_gender_1_split
I1219 22:47:23.918288 13491 net.cpp:129] Top shape: 120 (120)
I1219 22:47:23.918310 13491 net.cpp:129] Top shape: 120 (120)
I1219 22:47:23.918329 13491 net.cpp:137] Memory required for data: 32401440
I1219 22:47:23.918349 13491 layer_factory.hpp:77] Creating layer conv1
I1219 22:47:23.918380 13491 net.cpp:84] Creating Layer conv1
I1219 22:47:23.918401 13491 net.cpp:406] conv1 <- data
I1219 22:47:23.918424 13491 net.cpp:380] conv1 -> conv1
I1219 22:47:23.918712 13491 net.cpp:122] Setting up conv1
I1219 22:47:23.918745 13491 net.cpp:129] Top shape: 120 40 148 148 (105139200)
I1219 22:47:23.918795 13491 net.cpp:137] Memory required for data: 452958240
I1219 22:47:23.918834 13491 layer_factory.hpp:77] Creating layer relu1
I1219 22:47:23.918861 13491 net.cpp:84] Creating Layer relu1
I1219 22:47:23.918881 13491 net.cpp:406] relu1 <- conv1
I1219 22:47:23.918903 13491 net.cpp:367] relu1 -> conv1 (in-place)
I1219 22:47:23.918926 13491 net.cpp:122] Setting up relu1
I1219 22:47:23.918949 13491 net.cpp:129] Top shape: 120 40 148 148 (105139200)
I1219 22:47:23.918968 13491 net.cpp:137] Memory required for data: 873515040
I1219 22:47:23.918987 13491 layer_factory.hpp:77] Creating layer conv2
I1219 22:47:23.919018 13491 net.cpp:84] Creating Layer conv2
I1219 22:47:23.919040 13491 net.cpp:406] conv2 <- conv1
I1219 22:47:23.919064 13491 net.cpp:380] conv2 -> conv2
I1219 22:47:23.919294 13491 net.cpp:122] Setting up conv2
I1219 22:47:23.919327 13491 net.cpp:129] Top shape: 120 64 146 146 (163706880)
I1219 22:47:23.919347 13491 net.cpp:137] Memory required for data: 1528342560
I1219 22:47:23.919370 13491 layer_factory.hpp:77] Creating layer relu2
I1219 22:47:23.919394 13491 net.cpp:84] Creating Layer relu2
I1219 22:47:23.919414 13491 net.cpp:406] relu2 <- conv2
I1219 22:47:23.919435 13491 net.cpp:367] relu2 -> conv2 (in-place)
I1219 22:47:23.919457 13491 net.cpp:122] Setting up relu2
I1219 22:47:23.919481 13491 net.cpp:129] Top shape: 120 64 146 146 (163706880)
I1219 22:47:23.919498 13491 net.cpp:137] Memory required for data: 2183170080
I1219 22:47:23.919517 13491 layer_factory.hpp:77] Creating layer fc1
I1219 22:47:23.919540 13491 net.cpp:84] Creating Layer fc1
I1219 22:47:23.919560 13491 net.cpp:406] fc1 <- conv2
I1219 22:47:23.919582 13491 net.cpp:380] fc1 -> fc1
I1219 22:47:29.308238 13491 net.cpp:122] Setting up fc1
I1219 22:47:29.308405 13491 net.cpp:129] Top shape: 120 256 (30720)
I1219 22:47:29.308432 13491 net.cpp:137] Memory required for data: 2183292960
I1219 22:47:29.308473 13491 layer_factory.hpp:77] Creating layer relu3_g
I1219 22:47:29.308513 13491 net.cpp:84] Creating Layer relu3_g
I1219 22:47:29.308538 13491 net.cpp:406] relu3_g <- fc1
I1219 22:47:29.308565 13491 net.cpp:367] relu3_g -> fc1 (in-place)
I1219 22:47:29.308593 13491 net.cpp:122] Setting up relu3_g
I1219 22:47:29.308616 13491 net.cpp:129] Top shape: 120 256 (30720)
I1219 22:47:29.308635 13491 net.cpp:137] Memory required for data: 2183415840
I1219 22:47:29.308655 13491 layer_factory.hpp:77] Creating layer fc2_g
I1219 22:47:29.308689 13491 net.cpp:84] Creating Layer fc2_g
I1219 22:47:29.308712 13491 net.cpp:406] fc2_g <- fc1
I1219 22:47:29.308737 13491 net.cpp:380] fc2_g -> fc2_g
I1219 22:47:29.308878 13491 net.cpp:122] Setting up fc2_g
I1219 22:47:29.308910 13491 net.cpp:129] Top shape: 120 2 (240)
I1219 22:47:29.308930 13491 net.cpp:137] Memory required for data: 2183416800
I1219 22:47:29.308954 13491 layer_factory.hpp:77] Creating layer fc2_g_fc2_g_0_split
I1219 22:47:29.308982 13491 net.cpp:84] Creating Layer fc2_g_fc2_g_0_split
I1219 22:47:29.309008 13491 net.cpp:406] fc2_g_fc2_g_0_split <- fc2_g
I1219 22:47:29.309033 13491 net.cpp:380] fc2_g_fc2_g_0_split -> fc2_g_fc2_g_0_split_0
I1219 22:47:29.309062 13491 net.cpp:380] fc2_g_fc2_g_0_split -> fc2_g_fc2_g_0_split_1
I1219 22:47:29.309119 13491 net.cpp:122] Setting up fc2_g_fc2_g_0_split
I1219 22:47:29.309149 13491 net.cpp:129] Top shape: 120 2 (240)
I1219 22:47:29.309171 13491 net.cpp:129] Top shape: 120 2 (240)
I1219 22:47:29.309190 13491 net.cpp:137] Memory required for data: 2183418720
I1219 22:47:29.309211 13491 layer_factory.hpp:77] Creating layer loss
I1219 22:47:29.309234 13491 net.cpp:84] Creating Layer loss
I1219 22:47:29.309254 13491 net.cpp:406] loss <- fc2_g_fc2_g_0_split_0
I1219 22:47:29.309276 13491 net.cpp:406] loss <- label_gender_1_split_0
I1219 22:47:29.309301 13491 net.cpp:380] loss -> loss
I1219 22:47:29.309330 13491 layer_factory.hpp:77] Creating layer loss
I1219 22:47:29.309443 13491 net.cpp:122] Setting up loss
I1219 22:47:29.309473 13491 net.cpp:129] Top shape: (1)
I1219 22:47:29.309494 13491 net.cpp:132]     with loss weight 1
I1219 22:47:29.309545 13491 net.cpp:137] Memory required for data: 2183418724
I1219 22:47:29.309582 13491 layer_factory.hpp:77] Creating layer accuracy
I1219 22:47:29.309633 13491 net.cpp:84] Creating Layer accuracy
I1219 22:47:29.309655 13491 net.cpp:406] accuracy <- fc2_g_fc2_g_0_split_1
I1219 22:47:29.309677 13491 net.cpp:406] accuracy <- label_gender_1_split_1
I1219 22:47:29.309701 13491 net.cpp:380] accuracy -> accuracy
I1219 22:47:29.309747 13491 net.cpp:122] Setting up accuracy
I1219 22:47:29.309773 13491 net.cpp:129] Top shape: (1)
I1219 22:47:29.309792 13491 net.cpp:137] Memory required for data: 2183418728
I1219 22:47:29.309813 13491 net.cpp:200] accuracy does not need backward computation.
I1219 22:47:29.309833 13491 net.cpp:198] loss needs backward computation.
I1219 22:47:29.309852 13491 net.cpp:198] fc2_g_fc2_g_0_split needs backward computation.
I1219 22:47:29.309871 13491 net.cpp:198] fc2_g needs backward computation.
I1219 22:47:29.309890 13491 net.cpp:198] relu3_g needs backward computation.
I1219 22:47:29.309908 13491 net.cpp:198] fc1 needs backward computation.
I1219 22:47:29.309928 13491 net.cpp:198] relu2 needs backward computation.
I1219 22:47:29.309947 13491 net.cpp:198] conv2 needs backward computation.
I1219 22:47:29.309967 13491 net.cpp:198] relu1 needs backward computation.
I1219 22:47:29.309986 13491 net.cpp:198] conv1 needs backward computation.
I1219 22:47:29.310010 13491 net.cpp:200] label_gender_1_split does not need backward computation.
I1219 22:47:29.310034 13491 net.cpp:200] gender does not need backward computation.
I1219 22:47:29.310053 13491 net.cpp:242] This network produces output accuracy
I1219 22:47:29.310072 13491 net.cpp:242] This network produces output loss
I1219 22:47:29.310099 13491 net.cpp:255] Network initialization done.
I1219 22:47:29.310184 13491 solver.cpp:56] Solver scaffolding done.
I1219 22:47:29.310485 13491 caffe.cpp:155] Finetuning from gender_ccn_autoencoder/gender_ccn_iter_2000.caffemodel
I1219 22:47:29.351361 13491 net.cpp:744] Ignoring source layer data_gender_0_split
I1219 22:47:29.351511 13491 net.cpp:744] Ignoring source layer conv2_relu2_0_split
I1219 22:47:29.351563 13491 net.cpp:744] Ignoring source layer fc1_g
I1219 22:47:29.351601 13491 net.cpp:744] Ignoring source layer accuracy
I1219 22:47:29.351637 13491 net.cpp:744] Ignoring source layer conv2t
I1219 22:47:29.351672 13491 net.cpp:744] Ignoring source layer relu2t
I1219 22:47:29.351708 13491 net.cpp:744] Ignoring source layer conv1t
I1219 22:47:29.351744 13491 net.cpp:744] Ignoring source layer flatdata
I1219 22:47:29.351779 13491 net.cpp:744] Ignoring source layer flatdataout
I1219 22:47:29.351814 13491 net.cpp:744] Ignoring source layer softmax
I1219 22:47:29.381268 13491 net.cpp:744] Ignoring source layer data_gender_0_split
I1219 22:47:29.381417 13491 net.cpp:744] Ignoring source layer conv2_relu2_0_split
I1219 22:47:29.381462 13491 net.cpp:744] Ignoring source layer fc1_g
I1219 22:47:29.381495 13491 net.cpp:744] Ignoring source layer conv2t
I1219 22:47:29.381526 13491 net.cpp:744] Ignoring source layer relu2t
I1219 22:47:29.381556 13491 net.cpp:744] Ignoring source layer conv1t
I1219 22:47:29.381587 13491 net.cpp:744] Ignoring source layer flatdata
I1219 22:47:29.381618 13491 net.cpp:744] Ignoring source layer flatdataout
I1219 22:47:29.381647 13491 net.cpp:744] Ignoring source layer softmax
I1219 22:47:29.381719 13491 caffe.cpp:248] Starting Optimization
I1219 22:47:29.381795 13491 solver.cpp:272] Solving nNetCCN
I1219 22:47:29.381830 13491 solver.cpp:273] Learning Rate Policy: fixed
I1219 22:47:29.385831 13491 solver.cpp:330] Iteration 0, Testing net (#0)
I1219 22:47:54.323956 13491 blocking_queue.cpp:49] Waiting for data
I1219 22:48:35.512327 13491 solver.cpp:397]     Test net output #0: accuracy = 0.220083
I1219 22:48:35.512473 13491 solver.cpp:397]     Test net output #1: loss = 6.86902 (* 1 = 6.86902 loss)
I1219 22:48:35.596438 13491 solver.cpp:218] Iteration 0 (0 iter/s, 66.2149s/500 iters), loss = 13.5015
I1219 22:48:35.596520 13491 solver.cpp:237]     Train net output #0: loss = 13.5015 (* 1 = 13.5015 loss)
I1219 22:48:35.596601 13491 sgd_solver.cpp:105] Iteration 0, lr = 0.01
I1219 22:49:50.223022 13491 solver.cpp:447] Snapshotting to binary proto file gender_ccn_relearn/gender_ccn_iter_500.caffemodel
I1219 22:50:35.216897 13491 sgd_solver.cpp:273] Snapshotting solver state to binary proto file gender_ccn_relearn/gender_ccn_iter_500.solverstate
I1219 22:50:59.744276 13491 solver.cpp:330] Iteration 500, Testing net (#0)
I1219 22:52:03.286106 13491 solver.cpp:397]     Test net output #0: accuracy = 0.782417
I1219 22:52:03.286231 13491 solver.cpp:397]     Test net output #1: loss = 0.60922 (* 1 = 0.60922 loss)
I1219 22:52:03.439580 13491 solver.cpp:218] Iteration 500 (2.40565 iter/s, 207.844s/500 iters), loss = 0.0867249
I1219 22:52:03.439669 13491 solver.cpp:237]     Train net output #0: loss = 0.0867226 (* 1 = 0.0867226 loss)
I1219 22:52:03.439708 13491 sgd_solver.cpp:105] Iteration 500, lr = 0.01
I1219 22:53:18.357139 13491 solver.cpp:447] Snapshotting to binary proto file gender_ccn_relearn/gender_ccn_iter_1000.caffemodel
I1219 22:54:01.840076 13491 sgd_solver.cpp:273] Snapshotting solver state to binary proto file gender_ccn_relearn/gender_ccn_iter_1000.solverstate
I1219 22:54:29.806378 13491 solver.cpp:330] Iteration 1000, Testing net (#0)
I1219 22:55:34.643682 13491 solver.cpp:397]     Test net output #0: accuracy = 0.782417
I1219 22:55:34.643784 13491 solver.cpp:397]     Test net output #1: loss = 0.555821 (* 1 = 0.555821 loss)
I1219 22:55:34.726209 13491 solver.cpp:218] Iteration 1000 (2.36644 iter/s, 211.288s/500 iters), loss = 0.135048
I1219 22:55:34.726279 13491 solver.cpp:237]     Train net output #0: loss = 0.135047 (* 1 = 0.135047 loss)
I1219 22:55:34.726310 13491 sgd_solver.cpp:105] Iteration 1000, lr = 0.01
I1219 22:56:49.668499 13491 solver.cpp:447] Snapshotting to binary proto file gender_ccn_relearn/gender_ccn_iter_1500.caffemodel
I1219 22:57:35.296252 13491 sgd_solver.cpp:273] Snapshotting solver state to binary proto file gender_ccn_relearn/gender_ccn_iter_1500.solverstate
I1219 22:58:04.323659 13491 solver.cpp:330] Iteration 1500, Testing net (#0)
I1219 22:59:06.221499 13491 solver.cpp:397]     Test net output #0: accuracy = 0.782417
I1219 22:59:06.223827 13491 solver.cpp:397]     Test net output #1: loss = 0.524257 (* 1 = 0.524257 loss)
I1219 22:59:06.296237 13491 solver.cpp:218] Iteration 1500 (2.36327 iter/s, 211.571s/500 iters), loss = 0.261059
I1219 22:59:06.296293 13491 solver.cpp:237]     Train net output #0: loss = 0.261057 (* 1 = 0.261057 loss)
I1219 22:59:06.296322 13491 sgd_solver.cpp:105] Iteration 1500, lr = 0.01
I1219 23:00:21.361403 13491 solver.cpp:447] Snapshotting to binary proto file gender_ccn_relearn/gender_ccn_iter_2000.caffemodel
I1219 23:00:54.000380 13491 sgd_solver.cpp:273] Snapshotting solver state to binary proto file gender_ccn_relearn/gender_ccn_iter_2000.solverstate
I1219 23:01:22.206187 13491 solver.cpp:310] Iteration 2000, loss = 0.182651
I1219 23:01:22.206291 13491 solver.cpp:330] Iteration 2000, Testing net (#0)
I1219 23:02:24.411458 13491 solver.cpp:397]     Test net output #0: accuracy = 0.782417
I1219 23:02:24.411576 13491 solver.cpp:397]     Test net output #1: loss = 0.532409 (* 1 = 0.532409 loss)
I1219 23:02:24.411607 13491 solver.cpp:315] Optimization Done.
I1219 23:02:24.411629 13491 caffe.cpp:259] Optimization Done.
Test CCN on MNIST dataset
I1219 23:02:26.368901 13537 caffe.cpp:284] Use CPU.
I1219 23:02:28.456838 13537 net.cpp:294] The NetState phase (1) differed from the phase (0) specified by a rule in layer gender
I1219 23:02:28.457212 13537 net.cpp:51] Initializing net from parameters: 
name: "nNetCCN"
state {
  phase: TEST
  level: 0
  stage: ""
}
layer {
  name: "gender"
  type: "ImageData"
  top: "data"
  top: "label"
  include {
    phase: TEST
  }
  transform_param {
    scale: 0.00390625
  }
  image_data_param {
    source: "../../test.lst"
    batch_size: 120
    new_height: 150
    new_width: 150
    is_color: true
    root_folder: "../../data/"
  }
}
layer {
  name: "conv1"
  type: "Convolution"
  bottom: "data"
  top: "conv1"
  param {
    lr_mult: 1
    decay_mult: 1
  }
  param {
    lr_mult: 2
    decay_mult: 0
  }
  convolution_param {
    num_output: 40
    kernel_size: 3
    stride: 1
  }
}
layer {
  name: "relu1"
  type: "ReLU"
  bottom: "conv1"
  top: "conv1"
}
layer {
  name: "conv2"
  type: "Convolution"
  bottom: "conv1"
  top: "conv2"
  param {
    lr_mult: 1
    decay_mult: 1
  }
  param {
    lr_mult: 2
    decay_mult: 0
  }
  convolution_param {
    num_output: 64
    kernel_size: 3
    stride: 1
  }
}
layer {
  name: "relu2"
  type: "ReLU"
  bottom: "conv2"
  top: "conv2"
}
layer {
  name: "fc1"
  type: "InnerProduct"
  bottom: "conv2"
  top: "fc1"
  param {
    lr_mult: 1
    decay_mult: 1
  }
  param {
    lr_mult: 2
    decay_mult: 0
  }
  inner_product_param {
    num_output: 256
    weight_filler {
      type: "gaussian"
      std: 0.01
    }
    bias_filler {
      type: "constant"
      value: 0
    }
  }
}
layer {
  name: "relu3_g"
  type: "ReLU"
  bottom: "fc1"
  top: "fc1"
}
layer {
  name: "fc2_g"
  type: "InnerProduct"
  bottom: "fc1"
  top: "fc2_g"
  param {
    lr_mult: 1
    decay_mult: 1
  }
  param {
    lr_mult: 2
    decay_mult: 0
  }
  inner_product_param {
    num_output: 2
    weight_filler {
      type: "xavier"
    }
    bias_filler {
      type: "constant"
      value: 0
    }
  }
}
layer {
  name: "loss"
  type: "SoftmaxWithLoss"
  bottom: "fc2_g"
  bottom: "label"
  top: "loss"
}
layer {
  name: "accuracy"
  type: "Accuracy"
  bottom: "fc2_g"
  bottom: "label"
  top: "accuracy"
  include {
    phase: TEST
  }
}
I1219 23:02:28.457424 13537 layer_factory.hpp:77] Creating layer gender
I1219 23:02:28.457537 13537 net.cpp:84] Creating Layer gender
I1219 23:02:28.457584 13537 net.cpp:380] gender -> data
I1219 23:02:28.457662 13537 net.cpp:380] gender -> label
I1219 23:02:28.457749 13537 image_data_layer.cpp:38] Opening file ../../test.lst
I1219 23:02:28.462384 13537 image_data_layer.cpp:63] A total of 12000 images.
I1219 23:02:29.752841 13537 image_data_layer.cpp:90] output data size: 120,3,150,150
I1219 23:02:29.797705 13537 net.cpp:122] Setting up gender
I1219 23:02:29.797773 13537 net.cpp:129] Top shape: 120 3 150 150 (8100000)
I1219 23:02:29.797824 13537 net.cpp:129] Top shape: 120 (120)
I1219 23:02:29.797847 13537 net.cpp:137] Memory required for data: 32400480
I1219 23:02:29.797869 13537 layer_factory.hpp:77] Creating layer label_gender_1_split
I1219 23:02:29.797919 13537 net.cpp:84] Creating Layer label_gender_1_split
I1219 23:02:29.797945 13537 net.cpp:406] label_gender_1_split <- label
I1219 23:02:29.797981 13537 net.cpp:380] label_gender_1_split -> label_gender_1_split_0
I1219 23:02:29.798023 13537 net.cpp:380] label_gender_1_split -> label_gender_1_split_1
I1219 23:02:29.798070 13537 net.cpp:122] Setting up label_gender_1_split
I1219 23:02:29.798097 13537 net.cpp:129] Top shape: 120 (120)
I1219 23:02:29.798120 13537 net.cpp:129] Top shape: 120 (120)
I1219 23:02:29.798142 13537 net.cpp:137] Memory required for data: 32401440
I1219 23:02:29.798164 13537 layer_factory.hpp:77] Creating layer conv1
I1219 23:02:29.798238 13537 net.cpp:84] Creating Layer conv1
I1219 23:02:29.798264 13537 net.cpp:406] conv1 <- data
I1219 23:02:29.798290 13537 net.cpp:380] conv1 -> conv1
I1219 23:02:29.798686 13537 net.cpp:122] Setting up conv1
I1219 23:02:29.798722 13537 net.cpp:129] Top shape: 120 40 148 148 (105139200)
I1219 23:02:29.798746 13537 net.cpp:137] Memory required for data: 452958240
I1219 23:02:29.798804 13537 layer_factory.hpp:77] Creating layer relu1
I1219 23:02:29.798847 13537 net.cpp:84] Creating Layer relu1
I1219 23:02:29.798871 13537 net.cpp:406] relu1 <- conv1
I1219 23:02:29.798895 13537 net.cpp:367] relu1 -> conv1 (in-place)
I1219 23:02:29.798936 13537 net.cpp:122] Setting up relu1
I1219 23:02:29.798961 13537 net.cpp:129] Top shape: 120 40 148 148 (105139200)
I1219 23:02:29.798983 13537 net.cpp:137] Memory required for data: 873515040
I1219 23:02:29.799011 13537 layer_factory.hpp:77] Creating layer conv2
I1219 23:02:29.799041 13537 net.cpp:84] Creating Layer conv2
I1219 23:02:29.799085 13537 net.cpp:406] conv2 <- conv1
I1219 23:02:29.799114 13537 net.cpp:380] conv2 -> conv2
I1219 23:02:29.799172 13537 net.cpp:122] Setting up conv2
I1219 23:02:29.799206 13537 net.cpp:129] Top shape: 120 64 146 146 (163706880)
I1219 23:02:29.799229 13537 net.cpp:137] Memory required for data: 1528342560
I1219 23:02:29.799255 13537 layer_factory.hpp:77] Creating layer relu2
I1219 23:02:29.799281 13537 net.cpp:84] Creating Layer relu2
I1219 23:02:29.799304 13537 net.cpp:406] relu2 <- conv2
I1219 23:02:29.799327 13537 net.cpp:367] relu2 -> conv2 (in-place)
I1219 23:02:29.799351 13537 net.cpp:122] Setting up relu2
I1219 23:02:29.799376 13537 net.cpp:129] Top shape: 120 64 146 146 (163706880)
I1219 23:02:29.799396 13537 net.cpp:137] Memory required for data: 2183170080
I1219 23:02:29.799417 13537 layer_factory.hpp:77] Creating layer fc1
I1219 23:02:29.799460 13537 net.cpp:84] Creating Layer fc1
I1219 23:02:29.799482 13537 net.cpp:406] fc1 <- conv2
I1219 23:02:29.799510 13537 net.cpp:380] fc1 -> fc1
I1219 23:02:34.751245 13537 net.cpp:122] Setting up fc1
I1219 23:02:34.751394 13537 net.cpp:129] Top shape: 120 256 (30720)
I1219 23:02:34.751417 13537 net.cpp:137] Memory required for data: 2183292960
I1219 23:02:34.751456 13537 layer_factory.hpp:77] Creating layer relu3_g
I1219 23:02:34.751487 13537 net.cpp:84] Creating Layer relu3_g
I1219 23:02:34.751508 13537 net.cpp:406] relu3_g <- fc1
I1219 23:02:34.751535 13537 net.cpp:367] relu3_g -> fc1 (in-place)
I1219 23:02:34.751565 13537 net.cpp:122] Setting up relu3_g
I1219 23:02:34.751588 13537 net.cpp:129] Top shape: 120 256 (30720)
I1219 23:02:34.751606 13537 net.cpp:137] Memory required for data: 2183415840
I1219 23:02:34.751626 13537 layer_factory.hpp:77] Creating layer fc2_g
I1219 23:02:34.751657 13537 net.cpp:84] Creating Layer fc2_g
I1219 23:02:34.751678 13537 net.cpp:406] fc2_g <- fc1
I1219 23:02:34.751700 13537 net.cpp:380] fc2_g -> fc2_g
I1219 23:02:34.751801 13537 net.cpp:122] Setting up fc2_g
I1219 23:02:34.751830 13537 net.cpp:129] Top shape: 120 2 (240)
I1219 23:02:34.751850 13537 net.cpp:137] Memory required for data: 2183416800
I1219 23:02:34.751871 13537 layer_factory.hpp:77] Creating layer fc2_g_fc2_g_0_split
I1219 23:02:34.751894 13537 net.cpp:84] Creating Layer fc2_g_fc2_g_0_split
I1219 23:02:34.751914 13537 net.cpp:406] fc2_g_fc2_g_0_split <- fc2_g
I1219 23:02:34.751935 13537 net.cpp:380] fc2_g_fc2_g_0_split -> fc2_g_fc2_g_0_split_0
I1219 23:02:34.751960 13537 net.cpp:380] fc2_g_fc2_g_0_split -> fc2_g_fc2_g_0_split_1
I1219 23:02:34.751986 13537 net.cpp:122] Setting up fc2_g_fc2_g_0_split
I1219 23:02:34.752015 13537 net.cpp:129] Top shape: 120 2 (240)
I1219 23:02:34.752038 13537 net.cpp:129] Top shape: 120 2 (240)
I1219 23:02:34.752055 13537 net.cpp:137] Memory required for data: 2183418720
I1219 23:02:34.752074 13537 layer_factory.hpp:77] Creating layer loss
I1219 23:02:34.752115 13537 net.cpp:84] Creating Layer loss
I1219 23:02:34.752135 13537 net.cpp:406] loss <- fc2_g_fc2_g_0_split_0
I1219 23:02:34.752154 13537 net.cpp:406] loss <- label_gender_1_split_0
I1219 23:02:34.752176 13537 net.cpp:380] loss -> loss
I1219 23:02:34.752251 13537 layer_factory.hpp:77] Creating layer loss
I1219 23:02:34.752310 13537 net.cpp:122] Setting up loss
I1219 23:02:34.752334 13537 net.cpp:129] Top shape: (1)
I1219 23:02:34.752353 13537 net.cpp:132]     with loss weight 1
I1219 23:02:34.752408 13537 net.cpp:137] Memory required for data: 2183418724
I1219 23:02:34.752442 13537 layer_factory.hpp:77] Creating layer accuracy
I1219 23:02:34.752480 13537 net.cpp:84] Creating Layer accuracy
I1219 23:02:34.752501 13537 net.cpp:406] accuracy <- fc2_g_fc2_g_0_split_1
I1219 23:02:34.752522 13537 net.cpp:406] accuracy <- label_gender_1_split_1
I1219 23:02:34.752543 13537 net.cpp:380] accuracy -> accuracy
I1219 23:02:34.752586 13537 net.cpp:122] Setting up accuracy
I1219 23:02:34.752609 13537 net.cpp:129] Top shape: (1)
I1219 23:02:34.752629 13537 net.cpp:137] Memory required for data: 2183418728
I1219 23:02:34.752646 13537 net.cpp:200] accuracy does not need backward computation.
I1219 23:02:34.752696 13537 net.cpp:198] loss needs backward computation.
I1219 23:02:34.752717 13537 net.cpp:198] fc2_g_fc2_g_0_split needs backward computation.
I1219 23:02:34.752737 13537 net.cpp:198] fc2_g needs backward computation.
I1219 23:02:34.752755 13537 net.cpp:198] relu3_g needs backward computation.
I1219 23:02:34.752773 13537 net.cpp:198] fc1 needs backward computation.
I1219 23:02:34.752790 13537 net.cpp:198] relu2 needs backward computation.
I1219 23:02:34.752809 13537 net.cpp:198] conv2 needs backward computation.
I1219 23:02:34.752828 13537 net.cpp:198] relu1 needs backward computation.
I1219 23:02:34.752846 13537 net.cpp:198] conv1 needs backward computation.
I1219 23:02:34.752866 13537 net.cpp:200] label_gender_1_split does not need backward computation.
I1219 23:02:34.752884 13537 net.cpp:200] gender does not need backward computation.
I1219 23:02:34.752902 13537 net.cpp:242] This network produces output accuracy
I1219 23:02:34.752920 13537 net.cpp:242] This network produces output loss
I1219 23:02:34.752946 13537 net.cpp:255] Network initialization done.
I1219 23:02:37.006788 13537 caffe.cpp:290] Running for 50 iterations.
I1219 23:02:42.001698 13537 caffe.cpp:313] Batch 0, accuracy = 0.808333
I1219 23:02:42.001875 13537 caffe.cpp:313] Batch 0, loss = 0.490748
I1219 23:02:46.585824 13537 caffe.cpp:313] Batch 1, accuracy = 0.758333
I1219 23:02:46.585965 13537 caffe.cpp:313] Batch 1, loss = 0.571122
I1219 23:02:51.139818 13537 caffe.cpp:313] Batch 2, accuracy = 0.816667
I1219 23:02:51.139976 13537 caffe.cpp:313] Batch 2, loss = 0.477352
I1219 23:02:55.714545 13537 caffe.cpp:313] Batch 3, accuracy = 0.741667
I1219 23:02:55.714720 13537 caffe.cpp:313] Batch 3, loss = 0.597913
I1219 23:03:00.269817 13537 caffe.cpp:313] Batch 4, accuracy = 0.691667
I1219 23:03:00.269968 13537 caffe.cpp:313] Batch 4, loss = 0.678286
I1219 23:03:04.891765 13537 caffe.cpp:313] Batch 5, accuracy = 0.783333
I1219 23:03:04.891942 13537 caffe.cpp:313] Batch 5, loss = 0.530935
I1219 23:03:09.459408 13537 caffe.cpp:313] Batch 6, accuracy = 0.783333
I1219 23:03:09.459585 13537 caffe.cpp:313] Batch 6, loss = 0.530935
I1219 23:03:14.045064 13537 caffe.cpp:313] Batch 7, accuracy = 0.775
I1219 23:03:14.045207 13537 caffe.cpp:313] Batch 7, loss = 0.54433
I1219 23:03:18.643550 13537 caffe.cpp:313] Batch 8, accuracy = 0.75
I1219 23:03:18.643714 13537 caffe.cpp:313] Batch 8, loss = 0.584517
I1219 23:03:23.259024 13537 caffe.cpp:313] Batch 9, accuracy = 0.766667
I1219 23:03:23.259199 13537 caffe.cpp:313] Batch 9, loss = 0.557726
I1219 23:03:27.804955 13537 caffe.cpp:313] Batch 10, accuracy = 0.85
I1219 23:03:27.805116 13537 caffe.cpp:313] Batch 10, loss = 0.42377
I1219 23:03:32.408224 13537 caffe.cpp:313] Batch 11, accuracy = 0.775
I1219 23:03:32.408407 13537 caffe.cpp:313] Batch 11, loss = 0.54433
I1219 23:03:36.962927 13537 caffe.cpp:313] Batch 12, accuracy = 0.908333
I1219 23:03:36.963119 13537 caffe.cpp:313] Batch 12, loss = 0.330001
I1219 23:03:41.561030 13537 caffe.cpp:313] Batch 13, accuracy = 0.783333
I1219 23:03:41.561187 13537 caffe.cpp:313] Batch 13, loss = 0.530935
I1219 23:03:46.155427 13537 caffe.cpp:313] Batch 14, accuracy = 0.75
I1219 23:03:46.155586 13537 caffe.cpp:313] Batch 14, loss = 0.584517
I1219 23:03:50.721297 13537 caffe.cpp:313] Batch 15, accuracy = 0.875
I1219 23:03:50.721472 13537 caffe.cpp:313] Batch 15, loss = 0.383583
I1219 23:03:55.275738 13537 caffe.cpp:313] Batch 16, accuracy = 0.783333
I1219 23:03:55.275882 13537 caffe.cpp:313] Batch 16, loss = 0.530935
I1219 23:03:59.886615 13537 caffe.cpp:313] Batch 17, accuracy = 0.8
I1219 23:03:59.886795 13537 caffe.cpp:313] Batch 17, loss = 0.504143
I1219 23:04:04.478950 13537 caffe.cpp:313] Batch 18, accuracy = 0.825
I1219 23:04:04.479135 13537 caffe.cpp:313] Batch 18, loss = 0.463957
I1219 23:04:09.087668 13537 caffe.cpp:313] Batch 19, accuracy = 0.758333
I1219 23:04:09.087810 13537 caffe.cpp:313] Batch 19, loss = 0.571121
I1219 23:04:13.640046 13537 caffe.cpp:313] Batch 20, accuracy = 0.783333
I1219 23:04:13.640204 13537 caffe.cpp:313] Batch 20, loss = 0.530935
I1219 23:04:18.237813 13537 caffe.cpp:313] Batch 21, accuracy = 0.808333
I1219 23:04:18.237977 13537 caffe.cpp:313] Batch 21, loss = 0.490748
I1219 23:04:22.839618 13537 caffe.cpp:313] Batch 22, accuracy = 0.791667
I1219 23:04:22.839761 13537 caffe.cpp:313] Batch 22, loss = 0.517539
I1219 23:04:27.409760 13537 caffe.cpp:313] Batch 23, accuracy = 0.825
I1219 23:04:27.409919 13537 caffe.cpp:313] Batch 23, loss = 0.463957
I1219 23:04:32.004900 13537 caffe.cpp:313] Batch 24, accuracy = 0.775
I1219 23:04:32.005067 13537 caffe.cpp:313] Batch 24, loss = 0.54433
I1219 23:04:36.590478 13537 caffe.cpp:313] Batch 25, accuracy = 0.8
I1219 23:04:36.590637 13537 caffe.cpp:313] Batch 25, loss = 0.504143
I1219 23:04:41.212710 13537 caffe.cpp:313] Batch 26, accuracy = 0.75
I1219 23:04:41.212863 13537 caffe.cpp:313] Batch 26, loss = 0.584517
I1219 23:04:45.796622 13537 caffe.cpp:313] Batch 27, accuracy = 0.75
I1219 23:04:45.796784 13537 caffe.cpp:313] Batch 27, loss = 0.584517
I1219 23:04:50.384986 13537 caffe.cpp:313] Batch 28, accuracy = 0.808333
I1219 23:04:50.385149 13537 caffe.cpp:313] Batch 28, loss = 0.490748
I1219 23:04:54.942744 13537 caffe.cpp:313] Batch 29, accuracy = 0.733333
I1219 23:04:54.942927 13537 caffe.cpp:313] Batch 29, loss = 0.611308
I1219 23:04:59.523501 13537 caffe.cpp:313] Batch 30, accuracy = 0.833333
I1219 23:04:59.523669 13537 caffe.cpp:313] Batch 30, loss = 0.450561
I1219 23:05:04.127604 13537 caffe.cpp:313] Batch 31, accuracy = 0.775
I1219 23:05:04.127745 13537 caffe.cpp:313] Batch 31, loss = 0.54433
I1219 23:05:08.745625 13537 caffe.cpp:313] Batch 32, accuracy = 0.783333
I1219 23:05:08.745811 13537 caffe.cpp:313] Batch 32, loss = 0.530935
I1219 23:05:13.272337 13537 caffe.cpp:313] Batch 33, accuracy = 0.833333
I1219 23:05:13.272495 13537 caffe.cpp:313] Batch 33, loss = 0.450561
I1219 23:05:17.834583 13537 caffe.cpp:313] Batch 34, accuracy = 0.783333
I1219 23:05:17.834722 13537 caffe.cpp:313] Batch 34, loss = 0.530935
I1219 23:05:22.433001 13537 caffe.cpp:313] Batch 35, accuracy = 0.808333
I1219 23:05:22.433152 13537 caffe.cpp:313] Batch 35, loss = 0.490748
I1219 23:05:27.066256 13537 caffe.cpp:313] Batch 36, accuracy = 0.766667
I1219 23:05:27.066437 13537 caffe.cpp:313] Batch 36, loss = 0.557726
I1219 23:05:31.671530 13537 caffe.cpp:313] Batch 37, accuracy = 0.8
I1219 23:05:31.671689 13537 caffe.cpp:313] Batch 37, loss = 0.504143
I1219 23:05:36.288923 13537 caffe.cpp:313] Batch 38, accuracy = 0.75
I1219 23:05:36.289068 13537 caffe.cpp:313] Batch 38, loss = 0.584517
I1219 23:05:40.906749 13537 caffe.cpp:313] Batch 39, accuracy = 0.841667
I1219 23:05:40.906930 13537 caffe.cpp:313] Batch 39, loss = 0.437166
I1219 23:05:45.454478 13537 caffe.cpp:313] Batch 40, accuracy = 0.741667
I1219 23:05:45.454607 13537 caffe.cpp:313] Batch 40, loss = 0.597912
I1219 23:05:50.067342 13537 caffe.cpp:313] Batch 41, accuracy = 0.766667
I1219 23:05:50.067495 13537 caffe.cpp:313] Batch 41, loss = 0.557726
I1219 23:05:54.633275 13537 caffe.cpp:313] Batch 42, accuracy = 0.783333
I1219 23:05:54.633433 13537 caffe.cpp:313] Batch 42, loss = 0.530935
I1219 23:05:59.252235 13537 caffe.cpp:313] Batch 43, accuracy = 0.841667
I1219 23:05:59.252374 13537 caffe.cpp:313] Batch 43, loss = 0.437166
I1219 23:06:03.882634 13537 caffe.cpp:313] Batch 44, accuracy = 0.783333
I1219 23:06:03.882812 13537 caffe.cpp:313] Batch 44, loss = 0.530935
I1219 23:06:08.465162 13537 caffe.cpp:313] Batch 45, accuracy = 0.858333
I1219 23:06:08.465348 13537 caffe.cpp:313] Batch 45, loss = 0.410374
I1219 23:06:13.093497 13537 caffe.cpp:313] Batch 46, accuracy = 0.75
I1219 23:06:13.093667 13537 caffe.cpp:313] Batch 46, loss = 0.584517
I1219 23:06:17.688222 13537 caffe.cpp:313] Batch 47, accuracy = 0.758333
I1219 23:06:17.688397 13537 caffe.cpp:313] Batch 47, loss = 0.571121
I1219 23:06:22.292882 13537 caffe.cpp:313] Batch 48, accuracy = 0.758333
I1219 23:06:22.293047 13537 caffe.cpp:313] Batch 48, loss = 0.571121
I1219 23:06:26.836621 13537 caffe.cpp:313] Batch 49, accuracy = 0.791667
I1219 23:06:26.836763 13537 caffe.cpp:313] Batch 49, loss = 0.517539
I1219 23:06:26.836822 13537 caffe.cpp:318] Loss: 0.522897
I1219 23:06:26.836850 13537 caffe.cpp:330] accuracy = 0.788333
I1219 23:06:26.836908 13537 caffe.cpp:330] loss = 0.522897 (* 1 = 0.522897 loss)
